0 info it worked if it ends with ok
1 verbose cli [ '/usr/local/bin/node',
1 verbose cli   '/usr/local/bin/npm',
1 verbose cli   'run',
1 verbose cli   'start-static-mockapi' ]
2 info using npm@4.0.5
3 info using node@v7.4.0
4 verbose run-script [ 'prestart-static-mockapi',
4 verbose run-script   'start-static-mockapi',
4 verbose run-script   'poststart-static-mockapi' ]
5 info lifecycle tracim_manage_ws@1.0.0~prestart-static-mockapi: tracim_manage_ws@1.0.0
6 silly lifecycle tracim_manage_ws@1.0.0~prestart-static-mockapi: no script for prestart-static-mockapi, continuing
7 info lifecycle tracim_manage_ws@1.0.0~start-static-mockapi: tracim_manage_ws@1.0.0
8 verbose lifecycle tracim_manage_ws@1.0.0~start-static-mockapi: unsafe-perm in lifecycle true
9 verbose lifecycle tracim_manage_ws@1.0.0~start-static-mockapi: PATH: /usr/local/lib/node_modules/npm/bin/node-gyp-bin:/home/come/repo/tracim_manage_ws/node_modules/.bin:/usr/local/bin:/usr/bin:/bin:/usr/local/games:/usr/games
10 verbose lifecycle tracim_manage_ws@1.0.0~start-static-mockapi: CWD: /home/come/repo/tracim_manage_ws
11 silly lifecycle tracim_manage_ws@1.0.0~start-static-mockapi: Args: [ '-c',
11 silly lifecycle   'json-server --routes api/routes.json --watch api/static_db.json --port 3001' ]
12 silly lifecycle tracim_manage_ws@1.0.0~start-static-mockapi: Returned: code: 1  signal: null
13 info lifecycle tracim_manage_ws@1.0.0~start-static-mockapi: Failed to exec start-static-mockapi script
14 verbose stack Error: tracim_manage_ws@1.0.0 start-static-mockapi: `json-server --routes api/routes.json --watch api/static_db.json --port 3001`
14 verbose stack Exit status 1
14 verbose stack     at EventEmitter.<anonymous> (/usr/local/lib/node_modules/npm/lib/utils/lifecycle.js:279:16)
14 verbose stack     at emitTwo (events.js:106:13)
14 verbose stack     at EventEmitter.emit (events.js:191:7)
14 verbose stack     at ChildProcess.<anonymous> (/usr/local/lib/node_modules/npm/lib/utils/spawn.js:40:14)
14 verbose stack     at emitTwo (events.js:106:13)
14 verbose stack     at ChildProcess.emit (events.js:191:7)
14 verbose stack     at maybeClose (internal/child_process.js:885:16)
14 verbose stack     at Process.ChildProcess._handle.onexit (internal/child_process.js:226:5)
15 verbose pkgid tracim_manage_ws@1.0.0
16 verbose cwd /home/come/repo/tracim_manage_ws
17 error Linux 3.16.0-4-amd64
18 error argv "/usr/local/bin/node" "/usr/local/bin/npm" "run" "start-static-mockapi"
19 error node v7.4.0
20 error npm  v4.0.5
21 error code ELIFECYCLE
22 error tracim_manage_ws@1.0.0 start-static-mockapi: `json-server --routes api/routes.json --watch api/static_db.json --port 3001`
22 error Exit status 1
23 error Failed at the tracim_manage_ws@1.0.0 start-static-mockapi script 'json-server --routes api/routes.json --watch api/static_db.json --port 3001'.
23 error Make sure you have the latest version of node.js and npm installed.
23 error If you do, this is most likely a problem with the tracim_manage_ws package,
23 error not with npm itself.
23 error Tell the author that this fails on your system:
23 error     json-server --routes api/routes.json --watch api/static_db.json --port 3001
23 error You can get information on how to open an issue for this project with:
23 error     npm bugs tracim_manage_ws
23 error Or if that isn't available, you can get their info via:
23 error     npm owner ls tracim_manage_ws
23 error There is likely additional logging output above.
24 verbose exit [ 1, true ]
